#
# There is insufficient memory for the Java Runtime Environment to continue.
# Native memory allocation (mmap) failed to map 19922944 bytes. Error detail: G1 virtual space
# Possible reasons:
#   The system is out of physical RAM or swap space
#   This process is running with CompressedOops enabled, and the Java Heap may be blocking the growth of the native heap
# Possible solutions:
#   Reduce memory load on the system
#   Increase physical memory or swap space
#   Check if swap backing store is full
#   Decrease Java heap size (-Xmx/-Xms)
#   Decrease number of Java threads
#   Decrease Java thread stack sizes (-Xss)
#   Set larger code cache with -XX:ReservedCodeCacheSize=
#   JVM is running with Unscaled Compressed Oops mode in which the Java heap is
#     placed in the first 4GB address space. The Java Heap base address is the
#     maximum limit for the native heap growth. Please use -XX:HeapBaseMinAddress
#     to set the Java Heap base and to place the Java Heap above 4GB virtual address.
# This output file may be truncated or incomplete.
#
#  Out of Memory Error (os_windows.cpp:3825), pid=28076, tid=22916
#
# JRE version: OpenJDK Runtime Environment (17.0.11) (build 17.0.11+0--11852314)
# Java VM: OpenJDK 64-Bit Server VM (17.0.11+0--11852314, mixed mode, tiered, compressed oops, compressed class ptrs, g1 gc, windows-amd64)
# No core dump will be written. Minidumps are not enabled by default on client versions of Windows
#

---------------  S U M M A R Y ------------

Command Line: org.jetbrains.kotlin.cli.jvm.K2JVMCompiler @C:\Users\Lenovo\AndroidStudioProjects\SahabatGula\app\build\20241201_17605193045076886618.compiler.options

Host: AMD Ryzen 5 5625U with Radeon Graphics         , 12 cores, 5G,  Windows 11 , 64 bit Build 22621 (10.0.22621.4391)
Time: Sun Dec  1 14:02:05 2024 Malay Peninsula Standard Time elapsed time: 1.684155 seconds (0d 0h 0m 1s)

---------------  T H R E A D  ---------------

Current thread (0x0000029c3870de20):  VMThread "VM Thread" [stack: 0x000000db3ab00000,0x000000db3ac00000] [id=22916]

Stack: [0x000000db3ab00000,0x000000db3ac00000]
Native frames: (J=compiled Java code, j=interpreted, Vv=VM code, C=native code)
V  [jvm.dll+0x687bb9]
V  [jvm.dll+0x84142a]
V  [jvm.dll+0x8430ae]
V  [jvm.dll+0x843713]
V  [jvm.dll+0x24a35f]
V  [jvm.dll+0x684989]
V  [jvm.dll+0x67923a]
V  [jvm.dll+0x30af0b]
V  [jvm.dll+0x3123b6]
V  [jvm.dll+0x361dfe]
V  [jvm.dll+0x36202f]
V  [jvm.dll+0x2e0d38]
V  [jvm.dll+0x2df144]
V  [jvm.dll+0x2de74c]
V  [jvm.dll+0x33290c]
V  [jvm.dll+0x847e0b]
V  [jvm.dll+0x848b42]
V  [jvm.dll+0x84905d]
V  [jvm.dll+0x849434]
V  [jvm.dll+0x849500]
V  [jvm.dll+0x7efa4a]
V  [jvm.dll+0x686a35]
C  [ucrtbase.dll+0x29333]
C  [KERNEL32.DLL+0x1259d]
C  [ntdll.dll+0x5af38]

VM_Operation (0x000000db3a5f7e40): CollectForMetadataAllocation, mode: safepoint, requested by thread 0x0000029c1f89b780


---------------  P R O C E S S  ---------------

Threads class SMR info:
_java_thread_list=0x0000029c38b3f370, length=12, elements={
0x0000029c1f89b780, 0x0000029c38733270, 0x0000029c38735010, 0x0000029c3873df50,
0x0000029c38997020, 0x0000029c38997cf0, 0x0000029c389985c0, 0x0000029c389991c0,
0x0000029c389ac010, 0x0000029c389ac530, 0x0000029c38b2b870, 0x0000029c38b425f0
}

Java Threads: ( => current thread )
  0x0000029c1f89b780 JavaThread "main" [_thread_blocked, id=17112, stack(0x000000db3a500000,0x000000db3a600000)]
  0x0000029c38733270 JavaThread "Reference Handler" daemon [_thread_blocked, id=22060, stack(0x000000db3ac00000,0x000000db3ad00000)]
  0x0000029c38735010 JavaThread "Finalizer" daemon [_thread_blocked, id=1596, stack(0x000000db3ad00000,0x000000db3ae00000)]
  0x0000029c3873df50 JavaThread "Signal Dispatcher" daemon [_thread_blocked, id=19200, stack(0x000000db3ae00000,0x000000db3af00000)]
  0x0000029c38997020 JavaThread "Attach Listener" daemon [_thread_blocked, id=9332, stack(0x000000db3af00000,0x000000db3b000000)]
  0x0000029c38997cf0 JavaThread "Service Thread" daemon [_thread_blocked, id=24564, stack(0x000000db3b000000,0x000000db3b100000)]
  0x0000029c389985c0 JavaThread "Monitor Deflation Thread" daemon [_thread_blocked, id=28344, stack(0x000000db3b100000,0x000000db3b200000)]
  0x0000029c389991c0 JavaThread "C2 CompilerThread0" daemon [_thread_blocked, id=8836, stack(0x000000db3b200000,0x000000db3b300000)]
  0x0000029c389ac010 JavaThread "C1 CompilerThread0" daemon [_thread_blocked, id=28916, stack(0x000000db3b300000,0x000000db3b400000)]
  0x0000029c389ac530 JavaThread "Sweeper thread" daemon [_thread_blocked, id=19124, stack(0x000000db3b400000,0x000000db3b500000)]
  0x0000029c38b2b870 JavaThread "Notification Thread" daemon [_thread_blocked, id=15940, stack(0x000000db3b500000,0x000000db3b600000)]
  0x0000029c38b425f0 JavaThread "Common-Cleaner" daemon [_thread_blocked, id=26164, stack(0x000000db3b700000,0x000000db3b800000)]

Other Threads:
=>0x0000029c3870de20 VMThread "VM Thread" [stack: 0x000000db3ab00000,0x000000db3ac00000] [id=22916]
  0x0000029c38697f00 WatcherThread [stack: 0x000000db3b600000,0x000000db3b700000] [id=22844]
  0x0000029c1f8e8d90 GCTaskThread "GC Thread#0" [stack: 0x000000db3a600000,0x000000db3a700000] [id=25864]
  0x0000029c3d2938f0 GCTaskThread "GC Thread#1" [stack: 0x000000db3b800000,0x000000db3b900000] [id=25272]
  0x0000029c3d222c80 GCTaskThread "GC Thread#2" [stack: 0x000000db3b900000,0x000000db3ba00000] [id=26708]
  0x0000029c3d37fa90 GCTaskThread "GC Thread#3" [stack: 0x000000db3ba00000,0x000000db3bb00000] [id=17512]
  0x0000029c3d37fd50 GCTaskThread "GC Thread#4" [stack: 0x000000db3bb00000,0x000000db3bc00000] [id=1156]
  0x0000029c3d836e90 GCTaskThread "GC Thread#5" [stack: 0x000000db3bc00000,0x000000db3bd00000] [id=29660]
  0x0000029c3d80c0c0 GCTaskThread "GC Thread#6" [stack: 0x000000db3bd00000,0x000000db3be00000] [id=11168]
  0x0000029c3d74a4d0 GCTaskThread "GC Thread#7" [stack: 0x000000db3be00000,0x000000db3bf00000] [id=25920]
  0x0000029c3d74a790 GCTaskThread "GC Thread#8" [stack: 0x000000db3bf00000,0x000000db3c000000] [id=19840]
  0x0000029c3e998a20 GCTaskThread "GC Thread#9" [stack: 0x000000db3c200000,0x000000db3c300000] [id=26628]
  0x0000029c1f8f5730 ConcurrentGCThread "G1 Main Marker" [stack: 0x000000db3a700000,0x000000db3a800000] [id=23400]
  0x0000029c1f8f6800 ConcurrentGCThread "G1 Conc#0" [stack: 0x000000db3a800000,0x000000db3a900000] [id=6532]
  0x0000029c3d86b870 ConcurrentGCThread "G1 Conc#1" [stack: 0x000000db3c000000,0x000000db3c100000] [id=9512]
  0x0000029c3d7ddc80 ConcurrentGCThread "G1 Conc#2" [stack: 0x000000db3c100000,0x000000db3c200000] [id=23072]
  0x0000029c1f94dec0 ConcurrentGCThread "G1 Refine#0" [stack: 0x000000db3a900000,0x000000db3aa00000] [id=28968]
  0x0000029c1f94e800 ConcurrentGCThread "G1 Service" [stack: 0x000000db3aa00000,0x000000db3ab00000] [id=29432]

Threads with active compile tasks:

VM state: at safepoint (normal execution)

VM Mutex/Monitor currently owned by a thread:  ([mutex/lock_event])
[0x0000029c1f896480] Threads_lock - owner thread: 0x0000029c3870de20
[0x0000029c1f897950] Heap_lock - owner thread: 0x0000029c1f89b780

Heap address: 0x00000000a2600000, size: 1498 MB, Compressed Oops mode: 32-bit

CDS archive(s) not mapped
Compressed class space mapped at: 0x0000000100000000-0x0000000140000000, reserved size: 1073741824
Narrow klass base: 0x0000000000000000, Narrow klass shift: 3, Narrow klass range: 0x140000000

GC Precious Log:
 CPUs: 12 total, 12 available
 Memory: 5989M
 Large Page Support: Disabled
 NUMA Support: Disabled
 Compressed Oops: Enabled (32-bit)
 Heap Region Size: 1M
 Heap Min Capacity: 8M
 Heap Initial Capacity: 94M
 Heap Max Capacity: 1498M
 Pre-touch: Disabled
 Parallel Workers: 10
 Concurrent Workers: 3
 Concurrent Refinement Workers: 10
 Periodic GC: Disabled

Heap:
 garbage-first heap   total 40960K, used 18833K [0x00000000a2600000, 0x0000000100000000)
  region size 1024K, 2 young (2048K), 2 survivors (2048K)
 Metaspace       used 35903K, committed 36096K, reserved 1114112K
  class space    used 4534K, committed 4672K, reserved 1048576K

Heap Regions: E=young(eden), S=young(survivor), O=old, HS=humongous(starts), HC=humongous(continues), CS=collection set, F=free, OA=open archive, CA=closed archive, TAMS=top-at-mark-start (previous, next)
|   0|0x00000000a2600000, 0x00000000a2700000, 0x00000000a2700000|100%|HS|  |TAMS 0x00000000a2700000, 0x00000000a2700000| Complete 
|   1|0x00000000a2700000, 0x00000000a2800000, 0x00000000a2800000|100%|HC|  |TAMS 0x00000000a2800000, 0x00000000a2800000| Complete 
|   2|0x00000000a2800000, 0x00000000a2900000, 0x00000000a2900000|100%|HC|  |TAMS 0x00000000a2900000, 0x00000000a2900000| Complete 
|   3|0x00000000a2900000, 0x00000000a2a00000, 0x00000000a2a00000|100%|HC|  |TAMS 0x00000000a2a00000, 0x00000000a2a00000| Complete 
|   4|0x00000000a2a00000, 0x00000000a2b00000, 0x00000000a2b00000|100%| O|  |TAMS 0x00000000a2a00000, 0x00000000a2b00000| Untracked 
|   5|0x00000000a2b00000, 0x00000000a2c00000, 0x00000000a2c00000|100%| O|  |TAMS 0x00000000a2b00000, 0x00000000a2c00000| Untracked 
|   6|0x00000000a2c00000, 0x00000000a2d00000, 0x00000000a2d00000|100%| O|  |TAMS 0x00000000a2c00000, 0x00000000a2d00000| Untracked 
|   7|0x00000000a2d00000, 0x00000000a2e00000, 0x00000000a2e00000|100%| O|  |TAMS 0x00000000a2d00000, 0x00000000a2e00000| Untracked 
|   8|0x00000000a2e00000, 0x00000000a2f00000, 0x00000000a2f00000|100%| O|  |TAMS 0x00000000a2e00000, 0x00000000a2f00000| Untracked 
|   9|0x00000000a2f00000, 0x00000000a2fc0600, 0x00000000a3000000| 75%| O|  |TAMS 0x00000000a2f00000, 0x00000000a2f00000| Untracked 
|  10|0x00000000a3000000, 0x00000000a3000000, 0x00000000a3100000|  0%| F|  |TAMS 0x00000000a3000000, 0x00000000a3000000| Untracked 
|  11|0x00000000a3100000, 0x00000000a3200000, 0x00000000a3200000|100%| O|  |TAMS 0x00000000a3100000, 0x00000000a3200000| Untracked 
|  12|0x00000000a3200000, 0x00000000a3300000, 0x00000000a3300000|100%| O|  |TAMS 0x00000000a3200000, 0x00000000a3300000| Untracked 
|  13|0x00000000a3300000, 0x00000000a3400000, 0x00000000a3400000|100%| O|  |TAMS 0x00000000a3300000, 0x00000000a3400000| Untracked 
|  14|0x00000000a3400000, 0x00000000a3500000, 0x00000000a3500000|100%| O|  |TAMS 0x00000000a3400000, 0x00000000a3500000| Untracked 
|  15|0x00000000a3500000, 0x00000000a3600000, 0x00000000a3600000|100%| O|  |TAMS 0x00000000a3500000, 0x00000000a3600000| Untracked 
|  16|0x00000000a3600000, 0x00000000a3700000, 0x00000000a3700000|100%| O|  |TAMS 0x00000000a3600000, 0x00000000a3700000| Untracked 
|  17|0x00000000a3700000, 0x00000000a3700000, 0x00000000a3800000|  0%| F|  |TAMS 0x00000000a3700000, 0x00000000a3700000| Untracked 
|  18|0x00000000a3800000, 0x00000000a3800000, 0x00000000a3900000|  0%| F|  |TAMS 0x00000000a3800000, 0x00000000a3800000| Untracked 
|  19|0x00000000a3900000, 0x00000000a3900000, 0x00000000a3a00000|  0%| F|  |TAMS 0x00000000a3900000, 0x00000000a3900000| Untracked 
|  20|0x00000000a3a00000, 0x00000000a3b00000, 0x00000000a3b00000|100%| O|  |TAMS 0x00000000a3a00000, 0x00000000a3a6d000| Untracked 
|  21|0x00000000a3b00000, 0x00000000a3b00000, 0x00000000a3c00000|  0%| F|  |TAMS 0x00000000a3b00000, 0x00000000a3b00000| Untracked 
|  22|0x00000000a3c00000, 0x00000000a3c00000, 0x00000000a3d00000|  0%| F|  |TAMS 0x00000000a3c00000, 0x00000000a3c00000| Untracked 
|  23|0x00000000a3d00000, 0x00000000a3d00000, 0x00000000a3e00000|  0%| F|  |TAMS 0x00000000a3d00000, 0x00000000a3d00000| Untracked 
|  24|0x00000000a3e00000, 0x00000000a3e00000, 0x00000000a3f00000|  0%| F|  |TAMS 0x00000000a3e00000, 0x00000000a3e00000| Untracked 
|  25|0x00000000a3f00000, 0x00000000a3fa4028, 0x00000000a4000000| 64%| S|CS|TAMS 0x00000000a3f00000, 0x00000000a3f00000| Complete 
|  26|0x00000000a4000000, 0x00000000a4000000, 0x00000000a4100000|  0%| F|  |TAMS 0x00000000a4000000, 0x00000000a4000000| Untracked 
|  27|0x00000000a4100000, 0x00000000a4100000, 0x00000000a4200000|  0%| F|  |TAMS 0x00000000a4100000, 0x00000000a4100000| Untracked 
|  28|0x00000000a4200000, 0x00000000a4300000, 0x00000000a4300000|100%| S|CS|TAMS 0x00000000a4200000, 0x00000000a4200000| Complete 
|  29|0x00000000a4300000, 0x00000000a4300000, 0x00000000a4400000|  0%| F|  |TAMS 0x00000000a4300000, 0x00000000a4300000| Untracked 
|  30|0x00000000a4400000, 0x00000000a4400000, 0x00000000a4500000|  0%| F|  |TAMS 0x00000000a4400000, 0x00000000a4400000| Untracked 
|  31|0x00000000a4500000, 0x00000000a4500000, 0x00000000a4600000|  0%| F|  |TAMS 0x00000000a4500000, 0x00000000a4500000| Untracked 
|  32|0x00000000a4600000, 0x00000000a4600000, 0x00000000a4700000|  0%| F|  |TAMS 0x00000000a4600000, 0x00000000a4600000| Untracked 
|  33|0x00000000a4700000, 0x00000000a4700000, 0x00000000a4800000|  0%| F|  |TAMS 0x00000000a4700000, 0x00000000a4700000| Untracked 
|  34|0x00000000a4800000, 0x00000000a4800000, 0x00000000a4900000|  0%| F|  |TAMS 0x00000000a4800000, 0x00000000a4800000| Untracked 
|  54|0x00000000a5c00000, 0x00000000a5c00000, 0x00000000a5d00000|  0%| F|  |TAMS 0x00000000a5c00000, 0x00000000a5c00000| Untracked 
|  55|0x00000000a5d00000, 0x00000000a5d00000, 0x00000000a5e00000|  0%| F|  |TAMS 0x00000000a5d00000, 0x00000000a5d00000| Untracked 
|  56|0x00000000a5e00000, 0x00000000a5e00000, 0x00000000a5f00000|  0%| F|  |TAMS 0x00000000a5e00000, 0x00000000a5e00000| Untracked 
|  57|0x00000000a5f00000, 0x00000000a5f00000, 0x00000000a6000000|  0%| F|  |TAMS 0x00000000a5f00000, 0x00000000a5f00000| Untracked 
|  93|0x00000000a8300000, 0x00000000a8300000, 0x00000000a8400000|  0%| F|  |TAMS 0x00000000a8300000, 0x00000000a8300000| Untracked 

Card table byte_map: [0x0000029c325d0000,0x0000029c328c0000] _byte_map_base: 0x0000029c320bd000

Marking Bits (Prev, Next): (CMBitMap*) 0x0000029c1f8e9300, (CMBitMap*) 0x0000029c1f8e92c0
 Prev Bits: [0x0000029c34320000, 0x0000029c35a88000)
 Next Bits: [0x0000029c32bb0000, 0x0000029c34318000)

Polling page: 0x0000029c1d6e0000

Metaspace:

Usage:
  Non-class:     30.63 MB used.
      Class:      4.43 MB used.
       Both:     35.06 MB used.

Virtual space:
  Non-class space:       64.00 MB reserved,      30.69 MB ( 48%) committed,  1 nodes.
      Class space:        1.00 GB reserved,       4.56 MB ( <1%) committed,  1 nodes.
             Both:        1.06 GB reserved,      35.25 MB (  3%) committed. 

Chunk freelists:
   Non-Class:  512.00 KB
       Class:  11.41 MB
        Both:  11.91 MB

MaxMetaspaceSize: unlimited
CompressedClassSpaceSize: 1.00 GB
Initial GC threshold: 21.00 MB
Current GC threshold: 35.25 MB
CDS: off
MetaspaceReclaimPolicy: balanced
 - commit_granule_bytes: 65536.
 - commit_granule_words: 8192.
 - virtual_space_node_default_size: 8388608.
 - enlarge_chunks_in_place: 1.
 - new_chunks_are_fully_committed: 0.
 - uncommit_free_chunks: 1.
 - use_allocation_guard: 0.
 - handle_deallocations: 1.


Internal statistics:

num_allocs_failed_limit: 6.
num_arena_births: 144.
num_arena_deaths: 0.
num_vsnodes_births: 2.
num_vsnodes_deaths: 0.
num_space_committed: 563.
num_space_uncommitted: 0.
num_chunks_returned_to_freelist: 6.
num_chunks_taken_from_freelist: 1082.
num_chunk_merges: 6.
num_chunk_splits: 905.
num_chunks_enlarged: 826.
num_inconsistent_stats: 0.

CodeHeap 'non-profiled nmethods': size=120000Kb used=920Kb max_used=920Kb free=119079Kb
 bounds [0x0000029c2a840000, 0x0000029c2aab0000, 0x0000029c31d70000]
CodeHeap 'profiled nmethods': size=120000Kb used=4330Kb max_used=4330Kb free=115669Kb
 bounds [0x0000029c22d70000, 0x0000029c231b0000, 0x0000029c2a2a0000]
CodeHeap 'non-nmethods': size=5760Kb used=1238Kb max_used=1274Kb free=4521Kb
 bounds [0x0000029c2a2a0000, 0x0000029c2a510000, 0x0000029c2a840000]
 total_blobs=2875 nmethods=2328 adapters=459
 compilation: enabled
              stopped_count=0, restarted_count=0
 full_count=0

Compilation events (20 events):
Event: 1.662 Thread 0x0000029c389ac010 2333       1       org.jetbrains.kotlin.com.intellij.util.containers.ConcurrentWeakKeySoftValueHashMap$HardKey::hashCode (5 bytes)
Event: 1.662 Thread 0x0000029c389ac010 nmethod 2333 0x0000029c2a925010 code [0x0000029c2a9251a0, 0x0000029c2a925278]
Event: 1.662 Thread 0x0000029c389ac010 2334       1       org.jetbrains.kotlin.com.intellij.util.containers.ConcurrentWeakKeySoftValueHashMap$WeakKey::hashCode (5 bytes)
Event: 1.662 Thread 0x0000029c389ac010 nmethod 2334 0x0000029c2a925310 code [0x0000029c2a9254a0, 0x0000029c2a925578]
Event: 1.662 Thread 0x0000029c389ac010 2336       3       java.nio.ByteBuffer::limit (6 bytes)
Event: 1.663 Thread 0x0000029c389ac010 nmethod 2336 0x0000029c231a3b90 code [0x0000029c231a3d40, 0x0000029c231a3f08]
Event: 1.663 Thread 0x0000029c389ac010 2337       3       org.jetbrains.kotlin.container.CacheKt::getSetterInfos (154 bytes)
Event: 1.663 Thread 0x0000029c389991c0 2340       4       java.util.LinkedHashMap$LinkedHashIterator::hasNext (13 bytes)
Event: 1.664 Thread 0x0000029c389991c0 nmethod 2340 0x0000029c2a925610 code [0x0000029c2a925780, 0x0000029c2a925818]
Event: 1.664 Thread 0x0000029c389ac010 nmethod 2337 0x0000029c231a3f90 code [0x0000029c231a45c0, 0x0000029c231a7488]
Event: 1.664 Thread 0x0000029c389ac010 2338       3       kotlin.collections.CollectionsKt___CollectionsKt::single (68 bytes)
Event: 1.664 Thread 0x0000029c389ac010 nmethod 2338 0x0000029c231a8610 code [0x0000029c231a8880, 0x0000029c231a9198]
Event: 1.664 Thread 0x0000029c389ac010 2339       3       kotlin.collections.EmptyList::iterator (7 bytes)
Event: 1.665 Thread 0x0000029c389ac010 nmethod 2339 0x0000029c231a9490 code [0x0000029c231a9620, 0x0000029c231a9738]
Event: 1.665 Thread 0x0000029c389ac010 2341       1       org.jetbrains.kotlin.container.ComponentDescriptor::getShouldInjectProperties (2 bytes)
Event: 1.665 Thread 0x0000029c389ac010 nmethod 2341 0x0000029c2a925910 code [0x0000029c2a925aa0, 0x0000029c2a925b78]
Event: 1.665 Thread 0x0000029c389991c0 2342       4       java.util.HashMap$HashIterator::nextNode (100 bytes)
Event: 1.669 Thread 0x0000029c389991c0 nmethod 2342 0x0000029c2a925c10 code [0x0000029c2a925da0, 0x0000029c2a926198]
Event: 1.675 Thread 0x0000029c389ac010 2343       3       java.lang.NamedPackage::<init> (59 bytes)
Event: 1.676 Thread 0x0000029c389ac010 nmethod 2343 0x0000029c231a9810 code [0x0000029c231a9aa0, 0x0000029c231aa598]

GC Heap History (13 events):
Event: 0.371 GC heap before
{Heap before GC invocations=0 (full 0):
 garbage-first heap   total 96256K, used 27648K [0x00000000a2600000, 0x0000000100000000)
  region size 1024K, 23 young (23552K), 0 survivors (0K)
 Metaspace       used 13353K, committed 13504K, reserved 1114112K
  class space    used 1289K, committed 1344K, reserved 1048576K
}
Event: 0.374 GC heap after
{Heap after GC invocations=1 (full 0):
 garbage-first heap   total 96256K, used 6944K [0x00000000a2600000, 0x0000000100000000)
  region size 1024K, 3 young (3072K), 3 survivors (3072K)
 Metaspace       used 13353K, committed 13504K, reserved 1114112K
  class space    used 1289K, committed 1344K, reserved 1048576K
}
Event: 0.757 GC heap before
{Heap before GC invocations=1 (full 0):
 garbage-first heap   total 96256K, used 39712K [0x00000000a2600000, 0x0000000100000000)
  region size 1024K, 36 young (36864K), 3 survivors (3072K)
 Metaspace       used 21357K, committed 21504K, reserved 1114112K
  class space    used 2325K, committed 2432K, reserved 1048576K
}
Event: 0.766 GC heap after
{Heap after GC invocations=2 (full 0):
 garbage-first heap   total 96256K, used 10325K [0x00000000a2600000, 0x0000000100000000)
  region size 1024K, 4 young (4096K), 4 survivors (4096K)
 Metaspace       used 21357K, committed 21504K, reserved 1114112K
  class space    used 2325K, committed 2432K, reserved 1048576K
}
Event: 1.062 GC heap before
{Heap before GC invocations=3 (full 0):
 garbage-first heap   total 40960K, used 31829K [0x00000000a2600000, 0x0000000100000000)
  region size 1024K, 26 young (26624K), 4 survivors (4096K)
 Metaspace       used 28737K, committed 28928K, reserved 1114112K
  class space    used 3552K, committed 3648K, reserved 1048576K
}
Event: 1.068 GC heap after
{Heap after GC invocations=4 (full 0):
 garbage-first heap   total 40960K, used 11386K [0x00000000a2600000, 0x0000000100000000)
  region size 1024K, 5 young (5120K), 5 survivors (5120K)
 Metaspace       used 28737K, committed 28928K, reserved 1114112K
  class space    used 3552K, committed 3648K, reserved 1048576K
}
Event: 1.083 GC heap before
{Heap before GC invocations=4 (full 0):
 garbage-first heap   total 40960K, used 12410K [0x00000000a2600000, 0x0000000100000000)
  region size 1024K, 6 young (6144K), 5 survivors (5120K)
 Metaspace       used 28876K, committed 29120K, reserved 1114112K
  class space    used 3552K, committed 3648K, reserved 1048576K
}
Event: 1.088 GC heap after
{Heap after GC invocations=5 (full 0):
 garbage-first heap   total 40960K, used 11888K [0x00000000a2600000, 0x0000000100000000)
  region size 1024K, 1 young (1024K), 1 survivors (1024K)
 Metaspace       used 28876K, committed 29120K, reserved 1114112K
  class space    used 3552K, committed 3648K, reserved 1048576K
}
Event: 1.347 GC heap before
{Heap before GC invocations=5 (full 0):
 garbage-first heap   total 40960K, used 33392K [0x00000000a2600000, 0x0000000100000000)
  region size 1024K, 20 young (20480K), 1 survivors (1024K)
 Metaspace       used 30785K, committed 30976K, reserved 1114112K
  class space    used 3977K, committed 4032K, reserved 1048576K
}
Event: 1.359 GC heap after
{Heap after GC invocations=6 (full 0):
 garbage-first heap   total 40960K, used 18145K [0x00000000a2600000, 0x0000000100000000)
  region size 1024K, 3 young (3072K), 3 survivors (3072K)
 Metaspace       used 30785K, committed 30976K, reserved 1114112K
  class space    used 3977K, committed 4032K, reserved 1048576K
}
Event: 1.579 GC heap before
{Heap before GC invocations=6 (full 0):
 garbage-first heap   total 40960K, used 29409K [0x00000000a2600000, 0x0000000100000000)
  region size 1024K, 15 young (15360K), 3 survivors (3072K)
 Metaspace       used 33956K, committed 34240K, reserved 1114112K
  class space    used 4321K, committed 4480K, reserved 1048576K
}
Event: 1.583 GC heap after
{Heap after GC invocations=7 (full 0):
 garbage-first heap   total 40960K, used 17292K [0x00000000a2600000, 0x0000000100000000)
  region size 1024K, 2 young (2048K), 2 survivors (2048K)
 Metaspace       used 33956K, committed 34240K, reserved 1114112K
  class space    used 4321K, committed 4480K, reserved 1048576K
}
Event: 1.680 GC heap before
{Heap before GC invocations=7 (full 0):
 garbage-first heap   total 40960K, used 27532K [0x00000000a2600000, 0x0000000100000000)
  region size 1024K, 13 young (13312K), 2 survivors (2048K)
 Metaspace       used 35903K, committed 36096K, reserved 1114112K
  class space    used 4534K, committed 4672K, reserved 1048576K
}

Dll operation events (2 events):
Event: 0.005 Loaded shared library C:\Program Files\Android\Android Studio\jbr\bin\java.dll
Event: 0.931 Loaded shared library C:\Program Files\Android\Android Studio\jbr\bin\verify.dll

Deoptimization events (20 events):
Event: 1.572 Thread 0x0000029c1f89b780 DEOPT PACKING pc=0x0000029c2a8f83f4 sp=0x000000db3a5fdf50
Event: 1.572 Thread 0x0000029c1f89b780 DEOPT UNPACKING pc=0x0000029c2a2f69a3 sp=0x000000db3a5fdee8 mode 2
Event: 1.578 Thread 0x0000029c1f89b780 DEOPT PACKING pc=0x0000029c230bb23e sp=0x000000db3a5fd9d0
Event: 1.578 Thread 0x0000029c1f89b780 DEOPT UNPACKING pc=0x0000029c2a2f7143 sp=0x000000db3a5fce48 mode 0
Event: 1.642 Thread 0x0000029c1f89b780 Uncommon trap: trap_request=0xffffffc6 fr.pc=0x0000029c2a89e904 relative=0x0000000000000a64
Event: 1.642 Thread 0x0000029c1f89b780 Uncommon trap: reason=bimorphic_or_optimized_type_check action=maybe_recompile pc=0x0000029c2a89e904 method=java.util.HashMap.putVal(ILjava/lang/Object;Ljava/lang/Object;ZZ)Ljava/lang/Object; @ 91 c2
Event: 1.642 Thread 0x0000029c1f89b780 DEOPT PACKING pc=0x0000029c2a89e904 sp=0x000000db3a5fae60
Event: 1.642 Thread 0x0000029c1f89b780 DEOPT UNPACKING pc=0x0000029c2a2f69a3 sp=0x000000db3a5fadf0 mode 2
Event: 1.642 Thread 0x0000029c1f89b780 Uncommon trap: trap_request=0xffffffc6 fr.pc=0x0000029c2a89e904 relative=0x0000000000000a64
Event: 1.642 Thread 0x0000029c1f89b780 Uncommon trap: reason=bimorphic_or_optimized_type_check action=maybe_recompile pc=0x0000029c2a89e904 method=java.util.HashMap.putVal(ILjava/lang/Object;Ljava/lang/Object;ZZ)Ljava/lang/Object; @ 91 c2
Event: 1.642 Thread 0x0000029c1f89b780 DEOPT PACKING pc=0x0000029c2a89e904 sp=0x000000db3a5fae60
Event: 1.642 Thread 0x0000029c1f89b780 DEOPT UNPACKING pc=0x0000029c2a2f69a3 sp=0x000000db3a5fadf0 mode 2
Event: 1.642 Thread 0x0000029c1f89b780 Uncommon trap: trap_request=0xffffffc6 fr.pc=0x0000029c2a89e904 relative=0x0000000000000a64
Event: 1.642 Thread 0x0000029c1f89b780 Uncommon trap: reason=bimorphic_or_optimized_type_check action=maybe_recompile pc=0x0000029c2a89e904 method=java.util.HashMap.putVal(ILjava/lang/Object;Ljava/lang/Object;ZZ)Ljava/lang/Object; @ 91 c2
Event: 1.642 Thread 0x0000029c1f89b780 DEOPT PACKING pc=0x0000029c2a89e904 sp=0x000000db3a5fae60
Event: 1.642 Thread 0x0000029c1f89b780 DEOPT UNPACKING pc=0x0000029c2a2f69a3 sp=0x000000db3a5fadf0 mode 2
Event: 1.642 Thread 0x0000029c1f89b780 Uncommon trap: trap_request=0xffffffc6 fr.pc=0x0000029c2a89e904 relative=0x0000000000000a64
Event: 1.642 Thread 0x0000029c1f89b780 Uncommon trap: reason=bimorphic_or_optimized_type_check action=maybe_recompile pc=0x0000029c2a89e904 method=java.util.HashMap.putVal(ILjava/lang/Object;Ljava/lang/Object;ZZ)Ljava/lang/Object; @ 91 c2
Event: 1.642 Thread 0x0000029c1f89b780 DEOPT PACKING pc=0x0000029c2a89e904 sp=0x000000db3a5fae60
Event: 1.642 Thread 0x0000029c1f89b780 DEOPT UNPACKING pc=0x0000029c2a2f69a3 sp=0x000000db3a5fadf0 mode 2

Classes unloaded (0 events):
No events

Classes redefined (0 events):
No events

Internal exceptions (20 events):
Event: 0.799 Thread 0x0000029c1f89b780 Exception <a 'java/lang/NoSuchMethodError'{0x00000000a4772c88}: 'int java.lang.invoke.DirectMethodHandle$Holder.invokeSpecial(java.lang.Object, java.lang.Object, java.lang.Object)'> (0x00000000a4772c88) 
thrown [s\src\hotspot\share\interpreter\linkResolver.cpp, line 771]
Event: 0.799 Thread 0x0000029c1f89b780 Exception <a 'java/lang/NoSuchMethodError'{0x00000000a4776978}: 'int java.lang.invoke.DirectMethodHandle$Holder.invokeSpecial(java.lang.Object, java.lang.Object, java.lang.Object, java.lang.Object)'> (0x00000000a4776978) 
thrown [s\src\hotspot\share\interpreter\linkResolver.cpp, line 771]
Event: 0.799 Thread 0x0000029c1f89b780 Exception <a 'java/lang/NoSuchMethodError'{0x00000000a4779fe0}: 'int java.lang.invoke.Invokers$Holder.invoke_MT(java.lang.Object, java.lang.Object, java.lang.Object, java.lang.Object)'> (0x00000000a4779fe0) 
thrown [s\src\hotspot\share\interpreter\linkResolver.cpp, line 771]
Event: 0.800 Thread 0x0000029c1f89b780 Exception <a 'java/lang/NoSuchMethodError'{0x00000000a47897a8}: 'void java.lang.invoke.DelegatingMethodHandle$Holder.reinvoke_L(java.lang.Object, java.lang.Object, java.lang.Object, long, java.lang.Object)'> (0x00000000a47897a8) 
thrown [s\src\hotspot\share\interpreter\linkResolver.cpp, line 771]
Event: 0.801 Thread 0x0000029c1f89b780 Exception <a 'java/lang/NoSuchMethodError'{0x00000000a47913e0}: 'java.lang.Object java.lang.invoke.DirectMethodHandle$Holder.invokeSpecial(java.lang.Object, java.lang.Object, java.lang.Object, java.lang.Object, long)'> (0x00000000a47913e0) 
thrown [s\src\hotspot\share\interpreter\linkResolver.cpp, line 771]
Event: 0.801 Thread 0x0000029c1f89b780 Exception <a 'java/lang/NoSuchMethodError'{0x00000000a47a07a0}: 'int java.lang.invoke.DelegatingMethodHandle$Holder.reinvoke_L(java.lang.Object, java.lang.Object, java.lang.Object, long, java.lang.Object, java.lang.Object)'> (0x00000000a47a07a0) 
thrown [s\src\hotspot\share\interpreter\linkResolver.cpp, line 771]
Event: 0.802 Thread 0x0000029c1f89b780 Exception <a 'java/lang/NoSuchMethodError'{0x00000000a47af458}: 'int java.lang.invoke.DelegatingMethodHandle$Holder.reinvoke_L(java.lang.Object, java.lang.Object, java.lang.Object, long, int, int)'> (0x00000000a47af458) 
thrown [s\src\hotspot\share\interpreter\linkResolver.cpp, line 771]
Event: 0.803 Thread 0x0000029c1f89b780 Exception <a 'java/lang/NoSuchMethodError'{0x00000000a47bdd90}: 'int java.lang.invoke.DelegatingMethodHandle$Holder.reinvoke_L(java.lang.Object, java.lang.Object, java.lang.Object, long, long, long)'> (0x00000000a47bdd90) 
thrown [s\src\hotspot\share\interpreter\linkResolver.cpp, line 771]
Event: 0.804 Thread 0x0000029c1f89b780 Exception <a 'java/lang/NoSuchMethodError'{0x00000000a47cc3a8}: 'int java.lang.invoke.DelegatingMethodHandle$Holder.reinvoke_L(java.lang.Object, java.lang.Object, java.lang.Object, long, int)'> (0x00000000a47cc3a8) 
thrown [s\src\hotspot\share\interpreter\linkResolver.cpp, line 771]
Event: 0.814 Thread 0x0000029c1f89b780 Exception <a 'java/lang/NoSuchMethodError'{0x00000000a4673ab8}: 'int java.lang.invoke.DirectMethodHandle$Holder.invokeStaticInit(java.lang.Object, java.lang.Object, java.lang.Object)'> (0x00000000a4673ab8) 
thrown [s\src\hotspot\share\interpreter\linkResolver.cpp, line 771]
Event: 0.816 Thread 0x0000029c1f89b780 Exception <a 'java/lang/NoSuchMethodError'{0x00000000a469d360}: 'int java.lang.invoke.DirectMethodHandle$Holder.invokeStaticInit(java.lang.Object, java.lang.Object)'> (0x00000000a469d360) 
thrown [s\src\hotspot\share\interpreter\linkResolver.cpp, line 771]
Event: 0.826 Thread 0x0000029c1f89b780 Exception <a 'java/lang/NoSuchMethodError'{0x00000000a457c1c8}: 'void java.lang.invoke.DirectMethodHandle$Holder.invokeSpecial(java.lang.Object, java.lang.Object, java.lang.Object)'> (0x00000000a457c1c8) 
thrown [s\src\hotspot\share\interpreter\linkResolver.cpp, line 771]
Event: 0.871 Thread 0x0000029c1f89b780 Exception <a 'java/lang/NoSuchMethodError'{0x00000000a42a26a8}: 'void java.lang.invoke.DirectMethodHandle$Holder.invokeStatic(java.lang.Object, java.lang.Object, java.lang.Object, java.lang.Object)'> (0x00000000a42a26a8) 
thrown [s\src\hotspot\share\interpreter\linkResolver.cpp, line 771]
Event: 0.910 Thread 0x0000029c1f89b780 Exception <a 'java/lang/NoSuchMethodError'{0x00000000a3e644a8}: 'void java.lang.invoke.DirectMethodHandle$Holder.invokeStaticInit(java.lang.Object, java.lang.Object)'> (0x00000000a3e644a8) 
thrown [s\src\hotspot\share\interpreter\linkResolver.cpp, line 771]
Event: 0.962 Thread 0x0000029c1f89b780 Exception <a 'java/lang/NoSuchMethodError'{0x00000000a3adc420}: 'void java.lang.invoke.DirectMethodHandle$Holder.invokeVirtual(java.lang.Object, java.lang.Object)'> (0x00000000a3adc420) 
thrown [s\src\hotspot\share\interpreter\linkResolver.cpp, line 771]
Event: 0.969 Thread 0x0000029c1f89b780 Exception <a 'java/lang/NoSuchMethodError'{0x00000000a39564c8}: 'int java.lang.invoke.DirectMethodHandle$Holder.invokeVirtual(java.lang.Object, java.lang.Object)'> (0x00000000a39564c8) 
thrown [s\src\hotspot\share\interpreter\linkResolver.cpp, line 771]
Event: 0.979 Thread 0x0000029c1f89b780 Exception <a 'java/lang/NoSuchMethodError'{0x00000000a39ee240}: 'java.lang.Object java.lang.invoke.Invokers$Holder.invokeExact_MT(java.lang.Object, java.lang.Object, java.lang.Object, java.lang.Object, java.lang.Object, java.lang.Object)'> (0x00000000a39ee240) 
thrown [s\src\hotspot\share\interpreter\linkResolver.cpp, line 771]
Event: 1.386 Thread 0x0000029c1f89b780 Implicit null exception at 0x0000029c2a858972 to 0x0000029c2a858f3c
Event: 1.519 Thread 0x0000029c1f89b780 Implicit null exception at 0x0000029c2a859e72 to 0x0000029c2a85a44c
Event: 1.562 Thread 0x0000029c1f89b780 Exception <a 'java/lang/NoSuchMethodError'{0x00000000a438ac08}: 'java.lang.Object java.lang.invoke.DirectMethodHandle$Holder.invokeVirtual(java.lang.Object, java.lang.Object, java.lang.Object)'> (0x00000000a438ac08) 
thrown [s\src\hotspot\share\interpreter\linkResolver.cpp, line 771]

VM Operations (20 events):
Event: 0.724 Executing VM operation: HandshakeAllThreads done
Event: 0.756 Executing VM operation: CollectForMetadataAllocation
Event: 0.766 Executing VM operation: CollectForMetadataAllocation done
Event: 0.768 Executing VM operation: G1PauseRemark
Event: 0.769 Executing VM operation: G1PauseRemark done
Event: 0.770 Executing VM operation: G1PauseCleanup
Event: 0.779 Executing VM operation: G1PauseCleanup done
Event: 1.062 Executing VM operation: G1CollectForAllocation
Event: 1.068 Executing VM operation: G1CollectForAllocation done
Event: 1.083 Executing VM operation: G1CollectForAllocation
Event: 1.088 Executing VM operation: G1CollectForAllocation done
Event: 1.196 Executing VM operation: HandshakeAllThreads
Event: 1.196 Executing VM operation: HandshakeAllThreads done
Event: 1.196 Executing VM operation: HandshakeAllThreads
Event: 1.196 Executing VM operation: HandshakeAllThreads done
Event: 1.347 Executing VM operation: G1CollectForAllocation
Event: 1.359 Executing VM operation: G1CollectForAllocation done
Event: 1.579 Executing VM operation: G1CollectForAllocation
Event: 1.583 Executing VM operation: G1CollectForAllocation done
Event: 1.680 Executing VM operation: CollectForMetadataAllocation

Events (20 events):
Event: 1.419 loading class java/util/Formatter$Conversion
Event: 1.419 loading class java/util/Formatter$Conversion done
Event: 1.419 loading class java/util/Formatter$FormatSpecifier
Event: 1.419 loading class java/util/Formatter$FormatSpecifier done
Event: 1.419 loading class java/util/Formatter$Flags
Event: 1.419 loading class java/util/Formatter$Flags done
Event: 1.419 loading class java/util/Formattable
Event: 1.419 loading class java/util/Formattable done
Event: 1.464 loading class jdk/internal/misc/ScopedMemoryAccess$Scope
Event: 1.464 loading class jdk/internal/misc/ScopedMemoryAccess$Scope done
Event: 1.563 loading class java/lang/invoke/MethodHandle$1
Event: 1.563 loading class java/lang/invoke/MethodHandle$1 done
Event: 1.566 loading class java/io/EOFException
Event: 1.566 loading class java/io/EOFException done
Event: 1.610 loading class java/math/RoundingMode
Event: 1.611 loading class java/math/RoundingMode done
Event: 1.647 loading class jdk/internal/vm/annotation/IntrinsicCandidate
Event: 1.647 loading class jdk/internal/vm/annotation/IntrinsicCandidate done
Event: 1.662 loading class sun/reflect/generics/reflectiveObjects/ParameterizedTypeImpl
Event: 1.663 loading class sun/reflect/generics/reflectiveObjects/ParameterizedTypeImpl done


Dynamic libraries:
0x00007ff63bb20000 - 0x00007ff63bb2a000 	C:\Program Files\Android\Android Studio\jbr\bin\java.exe
0x00007ffa51e10000 - 0x00007ffa52027000 	C:\WINDOWS\SYSTEM32\ntdll.dll
0x00007ffa50bf0000 - 0x00007ffa50cb4000 	C:\WINDOWS\System32\KERNEL32.DLL
0x00007ffa4f770000 - 0x00007ffa4fb29000 	C:\WINDOWS\System32\KERNELBASE.dll
0x00007ffa4f3e0000 - 0x00007ffa4f4f1000 	C:\WINDOWS\System32\ucrtbase.dll
0x00007ffa24860000 - 0x00007ffa24877000 	C:\Program Files\Android\Android Studio\jbr\bin\jli.dll
0x00007ffa38db0000 - 0x00007ffa38dcb000 	C:\Program Files\Android\Android Studio\jbr\bin\VCRUNTIME140.dll
0x00007ffa50ed0000 - 0x00007ffa5107e000 	C:\WINDOWS\System32\USER32.dll
0x00007ffa37780000 - 0x00007ffa37a12000 	C:\WINDOWS\WinSxS\amd64_microsoft.windows.common-controls_6595b64144ccf1df_6.0.22621.4391_none_2715d37f73803e96\COMCTL32.dll
0x00007ffa4f580000 - 0x00007ffa4f5a6000 	C:\WINDOWS\System32\win32u.dll
0x00007ffa519a0000 - 0x00007ffa51a47000 	C:\WINDOWS\System32\msvcrt.dll
0x00007ffa51270000 - 0x00007ffa51299000 	C:\WINDOWS\System32\GDI32.dll
0x00007ffa4f5b0000 - 0x00007ffa4f6cb000 	C:\WINDOWS\System32\gdi32full.dll
0x00007ffa4f340000 - 0x00007ffa4f3da000 	C:\WINDOWS\System32\msvcp_win.dll
0x00007ffa505c0000 - 0x00007ffa505f1000 	C:\WINDOWS\System32\IMM32.DLL
0x00007ffa46620000 - 0x00007ffa4662c000 	C:\Program Files\Android\Android Studio\jbr\bin\vcruntime140_1.dll
0x00007ffa214f0000 - 0x00007ffa2157d000 	C:\Program Files\Android\Android Studio\jbr\bin\msvcp140.dll
0x00007ff9d8e90000 - 0x00007ff9d9b13000 	C:\Program Files\Android\Android Studio\jbr\bin\server\jvm.dll
0x00007ffa50da0000 - 0x00007ffa50e52000 	C:\WINDOWS\System32\ADVAPI32.dll
0x00007ffa50b40000 - 0x00007ffa50be7000 	C:\WINDOWS\System32\sechost.dll
0x00007ffa4f740000 - 0x00007ffa4f768000 	C:\WINDOWS\System32\bcrypt.dll
0x00007ffa51a50000 - 0x00007ffa51b64000 	C:\WINDOWS\System32\RPCRT4.dll
0x00007ffa4efe0000 - 0x00007ffa4f02d000 	C:\WINDOWS\SYSTEM32\POWRPROF.dll
0x00007ffa466a0000 - 0x00007ffa466a9000 	C:\WINDOWS\SYSTEM32\WSOCK32.dll
0x00007ffa47e20000 - 0x00007ffa47e54000 	C:\WINDOWS\SYSTEM32\WINMM.dll
0x00007ffa50cc0000 - 0x00007ffa50d31000 	C:\WINDOWS\System32\WS2_32.dll
0x00007ffa47480000 - 0x00007ffa4748a000 	C:\WINDOWS\SYSTEM32\VERSION.dll
0x00007ffa4efc0000 - 0x00007ffa4efd3000 	C:\WINDOWS\SYSTEM32\UMPDC.dll
0x00007ffa4e0b0000 - 0x00007ffa4e0c8000 	C:\WINDOWS\SYSTEM32\kernel.appcore.dll
0x00007ffa42530000 - 0x00007ffa4253a000 	C:\Program Files\Android\Android Studio\jbr\bin\jimage.dll
0x00007ffa4caf0000 - 0x00007ffa4cd22000 	C:\WINDOWS\SYSTEM32\DBGHELP.DLL
0x00007ffa51460000 - 0x00007ffa517ef000 	C:\WINDOWS\System32\combase.dll
0x00007ffa51080000 - 0x00007ffa51157000 	C:\WINDOWS\System32\OLEAUT32.dll
0x00007ffa3c1a0000 - 0x00007ffa3c1d2000 	C:\WINDOWS\SYSTEM32\dbgcore.DLL
0x00007ffa4f500000 - 0x00007ffa4f57b000 	C:\WINDOWS\System32\bcryptPrimitives.dll
0x00007ffa1e630000 - 0x00007ffa1e655000 	C:\Program Files\Android\Android Studio\jbr\bin\java.dll
0x00007ffa2cfa0000 - 0x00007ffa2cfb8000 	C:\Program Files\Android\Android Studio\jbr\bin\zip.dll
0x00007ffa4fb90000 - 0x00007ffa50406000 	C:\WINDOWS\System32\SHELL32.dll
0x00007ffa4d000000 - 0x00007ffa4d903000 	C:\WINDOWS\SYSTEM32\windows.storage.dll
0x00007ffa4cec0000 - 0x00007ffa4cfff000 	C:\WINDOWS\SYSTEM32\wintypes.dll
0x00007ffa517f0000 - 0x00007ffa518e9000 	C:\WINDOWS\System32\SHCORE.dll
0x00007ffa4fb30000 - 0x00007ffa4fb8e000 	C:\WINDOWS\System32\shlwapi.dll
0x00007ffa4f040000 - 0x00007ffa4f06b000 	C:\WINDOWS\SYSTEM32\profapi.dll
0x00007ffa2a3e0000 - 0x00007ffa2a3f9000 	C:\Program Files\Android\Android Studio\jbr\bin\net.dll
0x00007ffa47ae0000 - 0x00007ffa47c16000 	C:\WINDOWS\SYSTEM32\WINHTTP.dll
0x00007ffa4e580000 - 0x00007ffa4e5e9000 	C:\WINDOWS\system32\mswsock.dll
0x00007ffa26de0000 - 0x00007ffa26df6000 	C:\Program Files\Android\Android Studio\jbr\bin\nio.dll
0x00007ffa2cdf0000 - 0x00007ffa2ce00000 	C:\Program Files\Android\Android Studio\jbr\bin\verify.dll

dbghelp: loaded successfully - version: 4.0.5 - missing functions: none
symbol engine: initialized successfully - sym options: 0x614 - pdb path: .;C:\Program Files\Android\Android Studio\jbr\bin;C:\WINDOWS\SYSTEM32;C:\WINDOWS\WinSxS\amd64_microsoft.windows.common-controls_6595b64144ccf1df_6.0.22621.4391_none_2715d37f73803e96;C:\Program Files\Android\Android Studio\jbr\bin\server

VM Arguments:
java_command: org.jetbrains.kotlin.cli.jvm.K2JVMCompiler @C:\Users\Lenovo\AndroidStudioProjects\SahabatGula\app\build\20241201_17605193045076886618.compiler.options
java_class_path (initial): C:\Users\Lenovo\.gradle\caches\modules-2\files-2.1\org.jetbrains.kotlin\kotlin-compiler-embeddable\1.9.0\2c8c3a7402becca891f12739b3e9fd2dc2adbd7a\kotlin-compiler-embeddable-1.9.0.jar;C:\Users\Lenovo\.gradle\caches\modules-2\files-2.1\org.jetbrains.kotlin\kotlin-stdlib\1.9.0\8ee15ef0c67dc83d874f412d84378d7f0eb50b63\kotlin-stdlib-1.9.0.jar;C:\Users\Lenovo\.gradle\caches\modules-2\files-2.1\org.jetbrains.kotlin\kotlin-script-runtime\1.9.0\4b3102cbbb7e1b58d9d1adf89563f00069ffa7d1\kotlin-script-runtime-1.9.0.jar;C:\Users\Lenovo\.gradle\caches\modules-2\files-2.1\org.jetbrains.kotlin\kotlin-reflect\1.6.10\1cbe9c92c12a94eea200d23c2bbaedaf3daf5132\kotlin-reflect-1.6.10.jar;C:\Users\Lenovo\.gradle\caches\modules-2\files-2.1\org.jetbrains.kotlin\kotlin-daemon-embeddable\1.9.0\186543f5e28cf8d9a0290fecc2cf34301c40a65c\kotlin-daemon-embeddable-1.9.0.jar;C:\Users\Lenovo\.gradle\caches\modules-2\files-2.1\org.jetbrains.intellij.deps\trove4j\1.0.20200330\3afb14d5f9ceb459d724e907a21145e8ff394f02\trove4j-1.0.20200330.jar;C:\Users\Lenovo\.gradle\caches\modules-2\files-2.1\org.jetbrains.kotlin\kotlin-stdlib-common\1.9.0\cd65c21cfd1eec4d44ef09f9f52b6d9f8a720636\kotlin-stdlib-common-1.9.0.jar;C:\Users\Lenovo\.gradle\caches\modules-2\files-2.1\org.jetbrains\annotations\13.0\919f0dfe192fb4e063e7dacadee7f8bb9a2672a9\annotations-13.0.jar
Launcher Type: SUN_STANDARD

[Global flags]
     intx CICompilerCount                          = 4                                         {product} {ergonomic}
     uint ConcGCThreads                            = 3                                         {product} {ergonomic}
     uint G1ConcRefinementThreads                  = 10                                        {product} {ergonomic}
   size_t G1HeapRegionSize                         = 1048576                                   {product} {ergonomic}
    uintx GCDrainStackTargetSize                   = 64                                        {product} {ergonomic}
   size_t InitialHeapSize                          = 98566144                                  {product} {ergonomic}
   size_t MarkStackSize                            = 4194304                                   {product} {ergonomic}
   size_t MaxHeapSize                              = 1570766848                                {product} {ergonomic}
   size_t MaxNewSize                               = 941621248                                 {product} {ergonomic}
   size_t MinHeapDeltaBytes                        = 1048576                                   {product} {ergonomic}
   size_t MinHeapSize                              = 8388608                                   {product} {ergonomic}
    uintx NonNMethodCodeHeapSize                   = 5839372                                {pd product} {ergonomic}
    uintx NonProfiledCodeHeapSize                  = 122909434                              {pd product} {ergonomic}
    uintx ProfiledCodeHeapSize                     = 122909434                              {pd product} {ergonomic}
    uintx ReservedCodeCacheSize                    = 251658240                              {pd product} {ergonomic}
     bool SegmentedCodeCache                       = true                                      {product} {ergonomic}
   size_t SoftMaxHeapSize                          = 1570766848                             {manageable} {ergonomic}
     bool UseCompressedClassPointers               = true                           {product lp64_product} {ergonomic}
     bool UseCompressedOops                        = true                           {product lp64_product} {ergonomic}
     bool UseG1GC                                  = true                                      {product} {ergonomic}
     bool UseLargePagesIndividualAllocation        = false                                  {pd product} {ergonomic}

Logging:
Log output configuration:
 #0: stdout all=warning uptime,level,tags
 #1: stderr all=off uptime,level,tags

Environment Variables:
JAVA_HOME=C:\Program Files\Android\Android Studio\jbr
PATH=C:\Program Files\Zulu\zulu-8\bin\;C:\Program Files\Common Files\Oracle\Java\javapath;C:\WINDOWS\system32;C:\WINDOWS;C:\WINDOWS\System32\Wbem;C:\WINDOWS\System32\WindowsPowerShell\v1.0\;C:\WINDOWS\System32\OpenSSH\;C:\MinGW\bin;C:\Program Files\Java\jdk-20\bin;C:\platform-tools;C:\Program Files\Git\cmd;C:\ProgramData\chocolatey\bin;C:\Program Files\nodejs\;C:\gradle-8.10.1\bin;C:\Users\Lenovo\AppData\Local\Programs\Python\Python312\Scripts\;C:\Users\Lenovo\AppData\Local\Programs\Python\Python312\;C:\Users\Lenovo\AppData\Local\Microsoft\WindowsApps;"C:\Users\Lenovo\AppData\Local\Programs\Microsoft VS Code\bin;C:\Program Files (x86)\Dev-Cpp\MinGW64\bin";C:\Users\Lenovo\AppData\Local\Programs\Microsoft VS Code\bin;C:\Users\Lenovo\AppData\Local\Microsoft\WinGet\Packages\Schniz.fnm_Microsoft.Winget.Source_8wekyb3d8bbwe;C:\Users\Lenovo\AppData\Roaming\npm
USERNAME=Lenovo
OS=Windows_NT
PROCESSOR_IDENTIFIER=AMD64 Family 25 Model 80 Stepping 0, AuthenticAMD
TMP=C:\Users\Lenovo\AppData\Local\Temp
TEMP=C:\Users\Lenovo\AppData\Local\Temp



Periodic native trim disabled

JNI global refs:
JNI global refs: 8, weak refs: 0

JNI global refs memory usage: 843, weak refs: 841

Process memory usage:
Resident Set Size: 145812K (2% of 6133184K total physical memory with 330008K free physical memory)

OOME stack traces (most recent first):
Classloader memory used:
Loader jdk.internal.loader.ClassLoaders$AppClassLoader                                 : 3253K
Loader bootstrap                                                                       : 1229K
Loader jdk.internal.reflect.DelegatingClassLoader                                      : 5117B


---------------  S Y S T E M  ---------------

OS:
 Windows 11 , 64 bit Build 22621 (10.0.22621.4391)
OS uptime: 0 days 17:53 hours
Hyper-V role detected

CPU: total 12 (initial active 12) (12 cores per cpu, 2 threads per core) family 25 model 80 stepping 0 microcode 0x0, cx8, cmov, fxsr, ht, mmx, 3dnowpref, sse, sse2, sse3, ssse3, sse4a, sse4.1, sse4.2, popcnt, lzcnt, tsc, tscinvbit, avx, avx2, aes, erms, clmul, bmi1, bmi2, adx, sha, fma, vzeroupper, clflush, clflushopt, hv
Processor Information for processor 0
  Max Mhz: 2301, Current Mhz: 2010, Mhz Limit: 2301
Processor Information for processor 1
  Max Mhz: 2301, Current Mhz: 2010, Mhz Limit: 2301
Processor Information for processor 2
  Max Mhz: 2301, Current Mhz: 2010, Mhz Limit: 2301
Processor Information for processor 3
  Max Mhz: 2301, Current Mhz: 2010, Mhz Limit: 2301
Processor Information for processor 4
  Max Mhz: 2301, Current Mhz: 2010, Mhz Limit: 2301
Processor Information for processor 5
  Max Mhz: 2301, Current Mhz: 2010, Mhz Limit: 2301
Processor Information for processor 6
  Max Mhz: 2301, Current Mhz: 2010, Mhz Limit: 2301
Processor Information for processor 7
  Max Mhz: 2301, Current Mhz: 2010, Mhz Limit: 2301
Processor Information for processor 8
  Max Mhz: 2301, Current Mhz: 2010, Mhz Limit: 2301
Processor Information for processor 9
  Max Mhz: 2301, Current Mhz: 2010, Mhz Limit: 2301
Processor Information for processor 10
  Max Mhz: 2301, Current Mhz: 2010, Mhz Limit: 2301
Processor Information for processor 11
  Max Mhz: 2301, Current Mhz: 2301, Mhz Limit: 2301

Memory: 4k page, system-wide physical 5989M (322M free)
TotalPageFile size 24421M (AvailPageFile size 22M)
current process WorkingSet (physical memory assigned to process): 142M, peak: 142M
current process commit charge ("private bytes"): 183M, peak: 203M

vm_info: OpenJDK 64-Bit Server VM (17.0.11+0--11852314) for windows-amd64 JRE (17.0.11+0--11852314), built on May 16 2024 21:29:20 by "androidbuild" with MS VC++ 16.10 / 16.11 (VS2019)

END.
